The system is: Darwin - 16.4.0 - x86_64
Compiling the C compiler identification source file "CMakeCCompilerId.c" succeeded.
Compiler: /usr/bin/gcc 
Build flags: 
Id flags: 

The output was:
0


Compilation of the C compiler identification source "CMakeCCompilerId.c" produced "a.out"

The C compiler identification is AppleClang, found in "/Users/markbennett/Desktop/XCode/PasswordVault_OSX/build/CMakeFiles/3.7.2/CompilerIdC/a.out"

Compiling the CXX compiler identification source file "CMakeCXXCompilerId.cpp" succeeded.
Compiler: /usr/bin/clang++ 
Build flags: 
Id flags: 

The output was:
0


Compilation of the CXX compiler identification source "CMakeCXXCompilerId.cpp" produced "a.out"

The CXX compiler identification is AppleClang, found in "/Users/markbennett/Desktop/XCode/PasswordVault_OSX/build/CMakeFiles/3.7.2/CompilerIdCXX/a.out"

Determining if the C compiler works passed with the following output:
Change Dir: /Users/markbennett/Desktop/XCode/PasswordVault_OSX/build/CMakeFiles/CMakeTmp

Run Build Command:"/usr/bin/make" "cmTC_594a1/fast"
/Applications/Xcode.app/Contents/Developer/usr/bin/make -f CMakeFiles/cmTC_594a1.dir/build.make CMakeFiles/cmTC_594a1.dir/build
Building C object CMakeFiles/cmTC_594a1.dir/testCCompiler.c.o
/usr/bin/gcc    -isysroot /Applications/Xcode.app/Contents/Developer/Platforms/MacOSX.platform/Developer/SDKs/MacOSX10.12.sdk   -o CMakeFiles/cmTC_594a1.dir/testCCompiler.c.o   -c /Users/markbennett/Desktop/XCode/PasswordVault_OSX/build/CMakeFiles/CMakeTmp/testCCompiler.c
Linking C executable cmTC_594a1
/usr/local/Cellar/cmake/3.7.2/bin/cmake -E cmake_link_script CMakeFiles/cmTC_594a1.dir/link.txt --verbose=1
/usr/bin/gcc    -isysroot /Applications/Xcode.app/Contents/Developer/Platforms/MacOSX.platform/Developer/SDKs/MacOSX10.12.sdk -Wl,-search_paths_first -Wl,-headerpad_max_install_names   CMakeFiles/cmTC_594a1.dir/testCCompiler.c.o  -o cmTC_594a1  


Detecting C compiler ABI info compiled with the following output:
Change Dir: /Users/markbennett/Desktop/XCode/PasswordVault_OSX/build/CMakeFiles/CMakeTmp

Run Build Command:"/usr/bin/make" "cmTC_45f79/fast"
/Applications/Xcode.app/Contents/Developer/usr/bin/make -f CMakeFiles/cmTC_45f79.dir/build.make CMakeFiles/cmTC_45f79.dir/build
Building C object CMakeFiles/cmTC_45f79.dir/CMakeCCompilerABI.c.o
/usr/bin/gcc    -isysroot /Applications/Xcode.app/Contents/Developer/Platforms/MacOSX.platform/Developer/SDKs/MacOSX10.12.sdk   -o CMakeFiles/cmTC_45f79.dir/CMakeCCompilerABI.c.o   -c /usr/local/Cellar/cmake/3.7.2/share/cmake/Modules/CMakeCCompilerABI.c
Linking C executable cmTC_45f79
/usr/local/Cellar/cmake/3.7.2/bin/cmake -E cmake_link_script CMakeFiles/cmTC_45f79.dir/link.txt --verbose=1
/usr/bin/gcc    -isysroot /Applications/Xcode.app/Contents/Developer/Platforms/MacOSX.platform/Developer/SDKs/MacOSX10.12.sdk -Wl,-search_paths_first -Wl,-headerpad_max_install_names  -v -Wl,-v CMakeFiles/cmTC_45f79.dir/CMakeCCompilerABI.c.o  -o cmTC_45f79   
Apple LLVM version 8.0.0 (clang-800.0.42.1)
Target: x86_64-apple-darwin16.4.0
Thread model: posix
InstalledDir: /Applications/Xcode.app/Contents/Developer/Toolchains/XcodeDefault.xctoolchain/usr/bin
 "/Applications/Xcode.app/Contents/Developer/Toolchains/XcodeDefault.xctoolchain/usr/bin/ld" -demangle -dynamic -arch x86_64 -macosx_version_min 10.12.0 -syslibroot /Applications/Xcode.app/Contents/Developer/Platforms/MacOSX.platform/Developer/SDKs/MacOSX10.12.sdk -o cmTC_45f79 -search_paths_first -headerpad_max_install_names -v CMakeFiles/cmTC_45f79.dir/CMakeCCompilerABI.c.o -lSystem /Applications/Xcode.app/Contents/Developer/Toolchains/XcodeDefault.xctoolchain/usr/bin/../lib/clang/8.0.0/lib/darwin/libclang_rt.osx.a
@(#)PROGRAM:ld  PROJECT:ld64-274.2
configured to support archs: armv6 armv7 armv7s arm64 i386 x86_64 x86_64h armv6m armv7k armv7m armv7em (tvOS)
Library search paths:
	/Applications/Xcode.app/Contents/Developer/Platforms/MacOSX.platform/Developer/SDKs/MacOSX10.12.sdk/usr/lib
Framework search paths:
	/Applications/Xcode.app/Contents/Developer/Platforms/MacOSX.platform/Developer/SDKs/MacOSX10.12.sdk/System/Library/Frameworks/


Parsed C implicit link information from above output:
  link line regex: [^( *|.*[/\])(ld|([^/\]+-)?ld|collect2)[^/\]*( |$)]
  ignore line: [Change Dir: /Users/markbennett/Desktop/XCode/PasswordVault_OSX/build/CMakeFiles/CMakeTmp]
  ignore line: []
  ignore line: [Run Build Command:"/usr/bin/make" "cmTC_45f79/fast"]
  ignore line: [/Applications/Xcode.app/Contents/Developer/usr/bin/make -f CMakeFiles/cmTC_45f79.dir/build.make CMakeFiles/cmTC_45f79.dir/build]
  ignore line: [Building C object CMakeFiles/cmTC_45f79.dir/CMakeCCompilerABI.c.o]
  ignore line: [/usr/bin/gcc    -isysroot /Applications/Xcode.app/Contents/Developer/Platforms/MacOSX.platform/Developer/SDKs/MacOSX10.12.sdk   -o CMakeFiles/cmTC_45f79.dir/CMakeCCompilerABI.c.o   -c /usr/local/Cellar/cmake/3.7.2/share/cmake/Modules/CMakeCCompilerABI.c]
  ignore line: [Linking C executable cmTC_45f79]
  ignore line: [/usr/local/Cellar/cmake/3.7.2/bin/cmake -E cmake_link_script CMakeFiles/cmTC_45f79.dir/link.txt --verbose=1]
  ignore line: [/usr/bin/gcc    -isysroot /Applications/Xcode.app/Contents/Developer/Platforms/MacOSX.platform/Developer/SDKs/MacOSX10.12.sdk -Wl,-search_paths_first -Wl,-headerpad_max_install_names  -v -Wl,-v CMakeFiles/cmTC_45f79.dir/CMakeCCompilerABI.c.o  -o cmTC_45f79   ]
  ignore line: [Apple LLVM version 8.0.0 (clang-800.0.42.1)]
  ignore line: [Target: x86_64-apple-darwin16.4.0]
  ignore line: [Thread model: posix]
  ignore line: [InstalledDir: /Applications/Xcode.app/Contents/Developer/Toolchains/XcodeDefault.xctoolchain/usr/bin]
  link line: [ "/Applications/Xcode.app/Contents/Developer/Toolchains/XcodeDefault.xctoolchain/usr/bin/ld" -demangle -dynamic -arch x86_64 -macosx_version_min 10.12.0 -syslibroot /Applications/Xcode.app/Contents/Developer/Platforms/MacOSX.platform/Developer/SDKs/MacOSX10.12.sdk -o cmTC_45f79 -search_paths_first -headerpad_max_install_names -v CMakeFiles/cmTC_45f79.dir/CMakeCCompilerABI.c.o -lSystem /Applications/Xcode.app/Contents/Developer/Toolchains/XcodeDefault.xctoolchain/usr/bin/../lib/clang/8.0.0/lib/darwin/libclang_rt.osx.a]
    arg [/Applications/Xcode.app/Contents/Developer/Toolchains/XcodeDefault.xctoolchain/usr/bin/ld] ==> ignore
    arg [-demangle] ==> ignore
    arg [-dynamic] ==> ignore
    arg [-arch] ==> ignore
    arg [x86_64] ==> ignore
    arg [-macosx_version_min] ==> ignore
    arg [10.12.0] ==> ignore
    arg [-syslibroot] ==> ignore
    arg [/Applications/Xcode.app/Contents/Developer/Platforms/MacOSX.platform/Developer/SDKs/MacOSX10.12.sdk] ==> ignore
    arg [-o] ==> ignore
    arg [cmTC_45f79] ==> ignore
    arg [-search_paths_first] ==> ignore
    arg [-headerpad_max_install_names] ==> ignore
    arg [-v] ==> ignore
    arg [CMakeFiles/cmTC_45f79.dir/CMakeCCompilerABI.c.o] ==> ignore
    arg [-lSystem] ==> lib [System]
    arg [/Applications/Xcode.app/Contents/Developer/Toolchains/XcodeDefault.xctoolchain/usr/bin/../lib/clang/8.0.0/lib/darwin/libclang_rt.osx.a] ==> lib [/Applications/Xcode.app/Contents/Developer/Toolchains/XcodeDefault.xctoolchain/usr/bin/../lib/clang/8.0.0/lib/darwin/libclang_rt.osx.a]
  Library search paths: [;/Applications/Xcode.app/Contents/Developer/Platforms/MacOSX.platform/Developer/SDKs/MacOSX10.12.sdk/usr/lib]
  Framework search paths: [;/Applications/Xcode.app/Contents/Developer/Platforms/MacOSX.platform/Developer/SDKs/MacOSX10.12.sdk/System/Library/Frameworks/]
  remove lib [System]
  remove lib [/Applications/Xcode.app/Contents/Developer/Toolchains/XcodeDefault.xctoolchain/usr/bin/../lib/clang/8.0.0/lib/darwin/libclang_rt.osx.a]
  collapse library dir [/Applications/Xcode.app/Contents/Developer/Platforms/MacOSX.platform/Developer/SDKs/MacOSX10.12.sdk/usr/lib] ==> [/Applications/Xcode.app/Contents/Developer/Platforms/MacOSX.platform/Developer/SDKs/MacOSX10.12.sdk/usr/lib]
  collapse framework dir [/Applications/Xcode.app/Contents/Developer/Platforms/MacOSX.platform/Developer/SDKs/MacOSX10.12.sdk/System/Library/Frameworks/] ==> [/Applications/Xcode.app/Contents/Developer/Platforms/MacOSX.platform/Developer/SDKs/MacOSX10.12.sdk/System/Library/Frameworks]
  implicit libs: []
  implicit dirs: [/Applications/Xcode.app/Contents/Developer/Platforms/MacOSX.platform/Developer/SDKs/MacOSX10.12.sdk/usr/lib]
  implicit fwks: [/Applications/Xcode.app/Contents/Developer/Platforms/MacOSX.platform/Developer/SDKs/MacOSX10.12.sdk/System/Library/Frameworks]




Detecting C [-std=c11] compiler features compiled with the following output:
Change Dir: /Users/markbennett/Desktop/XCode/PasswordVault_OSX/build/CMakeFiles/CMakeTmp

Run Build Command:"/usr/bin/make" "cmTC_eb53a/fast"
/Applications/Xcode.app/Contents/Developer/usr/bin/make -f CMakeFiles/cmTC_eb53a.dir/build.make CMakeFiles/cmTC_eb53a.dir/build
Building C object CMakeFiles/cmTC_eb53a.dir/feature_tests.c.o
/usr/bin/gcc    -isysroot /Applications/Xcode.app/Contents/Developer/Platforms/MacOSX.platform/Developer/SDKs/MacOSX10.12.sdk   -std=c11 -o CMakeFiles/cmTC_eb53a.dir/feature_tests.c.o   -c /Users/markbennett/Desktop/XCode/PasswordVault_OSX/build/CMakeFiles/feature_tests.c
Linking C executable cmTC_eb53a
/usr/local/Cellar/cmake/3.7.2/bin/cmake -E cmake_link_script CMakeFiles/cmTC_eb53a.dir/link.txt --verbose=1
/usr/bin/gcc    -isysroot /Applications/Xcode.app/Contents/Developer/Platforms/MacOSX.platform/Developer/SDKs/MacOSX10.12.sdk -Wl,-search_paths_first -Wl,-headerpad_max_install_names   CMakeFiles/cmTC_eb53a.dir/feature_tests.c.o  -o cmTC_eb53a  


    Feature record: C_FEATURE:1c_function_prototypes
    Feature record: C_FEATURE:1c_restrict
    Feature record: C_FEATURE:1c_static_assert
    Feature record: C_FEATURE:1c_variadic_macros


Detecting C [-std=c99] compiler features compiled with the following output:
Change Dir: /Users/markbennett/Desktop/XCode/PasswordVault_OSX/build/CMakeFiles/CMakeTmp

Run Build Command:"/usr/bin/make" "cmTC_10b70/fast"
/Applications/Xcode.app/Contents/Developer/usr/bin/make -f CMakeFiles/cmTC_10b70.dir/build.make CMakeFiles/cmTC_10b70.dir/build
Building C object CMakeFiles/cmTC_10b70.dir/feature_tests.c.o
/usr/bin/gcc    -isysroot /Applications/Xcode.app/Contents/Developer/Platforms/MacOSX.platform/Developer/SDKs/MacOSX10.12.sdk   -std=c99 -o CMakeFiles/cmTC_10b70.dir/feature_tests.c.o   -c /Users/markbennett/Desktop/XCode/PasswordVault_OSX/build/CMakeFiles/feature_tests.c
Linking C executable cmTC_10b70
/usr/local/Cellar/cmake/3.7.2/bin/cmake -E cmake_link_script CMakeFiles/cmTC_10b70.dir/link.txt --verbose=1
/usr/bin/gcc    -isysroot /Applications/Xcode.app/Contents/Developer/Platforms/MacOSX.platform/Developer/SDKs/MacOSX10.12.sdk -Wl,-search_paths_first -Wl,-headerpad_max_install_names   CMakeFiles/cmTC_10b70.dir/feature_tests.c.o  -o cmTC_10b70  


    Feature record: C_FEATURE:1c_function_prototypes
    Feature record: C_FEATURE:1c_restrict
    Feature record: C_FEATURE:0c_static_assert
    Feature record: C_FEATURE:1c_variadic_macros


Detecting C [-std=c90] compiler features compiled with the following output:
Change Dir: /Users/markbennett/Desktop/XCode/PasswordVault_OSX/build/CMakeFiles/CMakeTmp

Run Build Command:"/usr/bin/make" "cmTC_b36f9/fast"
/Applications/Xcode.app/Contents/Developer/usr/bin/make -f CMakeFiles/cmTC_b36f9.dir/build.make CMakeFiles/cmTC_b36f9.dir/build
Building C object CMakeFiles/cmTC_b36f9.dir/feature_tests.c.o
/usr/bin/gcc    -isysroot /Applications/Xcode.app/Contents/Developer/Platforms/MacOSX.platform/Developer/SDKs/MacOSX10.12.sdk   -std=c90 -o CMakeFiles/cmTC_b36f9.dir/feature_tests.c.o   -c /Users/markbennett/Desktop/XCode/PasswordVault_OSX/build/CMakeFiles/feature_tests.c
Linking C executable cmTC_b36f9
/usr/local/Cellar/cmake/3.7.2/bin/cmake -E cmake_link_script CMakeFiles/cmTC_b36f9.dir/link.txt --verbose=1
/usr/bin/gcc    -isysroot /Applications/Xcode.app/Contents/Developer/Platforms/MacOSX.platform/Developer/SDKs/MacOSX10.12.sdk -Wl,-search_paths_first -Wl,-headerpad_max_install_names   CMakeFiles/cmTC_b36f9.dir/feature_tests.c.o  -o cmTC_b36f9  


    Feature record: C_FEATURE:1c_function_prototypes
    Feature record: C_FEATURE:0c_restrict
    Feature record: C_FEATURE:0c_static_assert
    Feature record: C_FEATURE:0c_variadic_macros
Determining if the CXX compiler works passed with the following output:
Change Dir: /Users/markbennett/Desktop/XCode/PasswordVault_OSX/build/CMakeFiles/CMakeTmp

Run Build Command:"/usr/bin/make" "cmTC_bf5ea/fast"
/Applications/Xcode.app/Contents/Developer/usr/bin/make -f CMakeFiles/cmTC_bf5ea.dir/build.make CMakeFiles/cmTC_bf5ea.dir/build
Building CXX object CMakeFiles/cmTC_bf5ea.dir/testCXXCompiler.cxx.o
/usr/bin/clang++     -isysroot /Applications/Xcode.app/Contents/Developer/Platforms/MacOSX.platform/Developer/SDKs/MacOSX10.12.sdk   -o CMakeFiles/cmTC_bf5ea.dir/testCXXCompiler.cxx.o -c /Users/markbennett/Desktop/XCode/PasswordVault_OSX/build/CMakeFiles/CMakeTmp/testCXXCompiler.cxx
Linking CXX executable cmTC_bf5ea
/usr/local/Cellar/cmake/3.7.2/bin/cmake -E cmake_link_script CMakeFiles/cmTC_bf5ea.dir/link.txt --verbose=1
/usr/bin/clang++     -isysroot /Applications/Xcode.app/Contents/Developer/Platforms/MacOSX.platform/Developer/SDKs/MacOSX10.12.sdk -Wl,-search_paths_first -Wl,-headerpad_max_install_names   CMakeFiles/cmTC_bf5ea.dir/testCXXCompiler.cxx.o  -o cmTC_bf5ea  


Detecting CXX compiler ABI info compiled with the following output:
Change Dir: /Users/markbennett/Desktop/XCode/PasswordVault_OSX/build/CMakeFiles/CMakeTmp

Run Build Command:"/usr/bin/make" "cmTC_21d88/fast"
/Applications/Xcode.app/Contents/Developer/usr/bin/make -f CMakeFiles/cmTC_21d88.dir/build.make CMakeFiles/cmTC_21d88.dir/build
Building CXX object CMakeFiles/cmTC_21d88.dir/CMakeCXXCompilerABI.cpp.o
/usr/bin/clang++     -isysroot /Applications/Xcode.app/Contents/Developer/Platforms/MacOSX.platform/Developer/SDKs/MacOSX10.12.sdk   -o CMakeFiles/cmTC_21d88.dir/CMakeCXXCompilerABI.cpp.o -c /usr/local/Cellar/cmake/3.7.2/share/cmake/Modules/CMakeCXXCompilerABI.cpp
Linking CXX executable cmTC_21d88
/usr/local/Cellar/cmake/3.7.2/bin/cmake -E cmake_link_script CMakeFiles/cmTC_21d88.dir/link.txt --verbose=1
/usr/bin/clang++     -isysroot /Applications/Xcode.app/Contents/Developer/Platforms/MacOSX.platform/Developer/SDKs/MacOSX10.12.sdk -Wl,-search_paths_first -Wl,-headerpad_max_install_names  -v -Wl,-v CMakeFiles/cmTC_21d88.dir/CMakeCXXCompilerABI.cpp.o  -o cmTC_21d88   
Apple LLVM version 8.0.0 (clang-800.0.42.1)
Target: x86_64-apple-darwin16.4.0
Thread model: posix
InstalledDir: /Applications/Xcode.app/Contents/Developer/Toolchains/XcodeDefault.xctoolchain/usr/bin
 "/Applications/Xcode.app/Contents/Developer/Toolchains/XcodeDefault.xctoolchain/usr/bin/ld" -demangle -dynamic -arch x86_64 -macosx_version_min 10.12.0 -syslibroot /Applications/Xcode.app/Contents/Developer/Platforms/MacOSX.platform/Developer/SDKs/MacOSX10.12.sdk -o cmTC_21d88 -search_paths_first -headerpad_max_install_names -v CMakeFiles/cmTC_21d88.dir/CMakeCXXCompilerABI.cpp.o -lc++ -lSystem /Applications/Xcode.app/Contents/Developer/Toolchains/XcodeDefault.xctoolchain/usr/bin/../lib/clang/8.0.0/lib/darwin/libclang_rt.osx.a
@(#)PROGRAM:ld  PROJECT:ld64-274.2
configured to support archs: armv6 armv7 armv7s arm64 i386 x86_64 x86_64h armv6m armv7k armv7m armv7em (tvOS)
Library search paths:
	/Applications/Xcode.app/Contents/Developer/Platforms/MacOSX.platform/Developer/SDKs/MacOSX10.12.sdk/usr/lib
Framework search paths:
	/Applications/Xcode.app/Contents/Developer/Platforms/MacOSX.platform/Developer/SDKs/MacOSX10.12.sdk/System/Library/Frameworks/


Parsed CXX implicit link information from above output:
  link line regex: [^( *|.*[/\])(ld|([^/\]+-)?ld|collect2)[^/\]*( |$)]
  ignore line: [Change Dir: /Users/markbennett/Desktop/XCode/PasswordVault_OSX/build/CMakeFiles/CMakeTmp]
  ignore line: []
  ignore line: [Run Build Command:"/usr/bin/make" "cmTC_21d88/fast"]
  ignore line: [/Applications/Xcode.app/Contents/Developer/usr/bin/make -f CMakeFiles/cmTC_21d88.dir/build.make CMakeFiles/cmTC_21d88.dir/build]
  ignore line: [Building CXX object CMakeFiles/cmTC_21d88.dir/CMakeCXXCompilerABI.cpp.o]
  ignore line: [/usr/bin/clang++     -isysroot /Applications/Xcode.app/Contents/Developer/Platforms/MacOSX.platform/Developer/SDKs/MacOSX10.12.sdk   -o CMakeFiles/cmTC_21d88.dir/CMakeCXXCompilerABI.cpp.o -c /usr/local/Cellar/cmake/3.7.2/share/cmake/Modules/CMakeCXXCompilerABI.cpp]
  ignore line: [Linking CXX executable cmTC_21d88]
  ignore line: [/usr/local/Cellar/cmake/3.7.2/bin/cmake -E cmake_link_script CMakeFiles/cmTC_21d88.dir/link.txt --verbose=1]
  ignore line: [/usr/bin/clang++     -isysroot /Applications/Xcode.app/Contents/Developer/Platforms/MacOSX.platform/Developer/SDKs/MacOSX10.12.sdk -Wl,-search_paths_first -Wl,-headerpad_max_install_names  -v -Wl,-v CMakeFiles/cmTC_21d88.dir/CMakeCXXCompilerABI.cpp.o  -o cmTC_21d88   ]
  ignore line: [Apple LLVM version 8.0.0 (clang-800.0.42.1)]
  ignore line: [Target: x86_64-apple-darwin16.4.0]
  ignore line: [Thread model: posix]
  ignore line: [InstalledDir: /Applications/Xcode.app/Contents/Developer/Toolchains/XcodeDefault.xctoolchain/usr/bin]
  link line: [ "/Applications/Xcode.app/Contents/Developer/Toolchains/XcodeDefault.xctoolchain/usr/bin/ld" -demangle -dynamic -arch x86_64 -macosx_version_min 10.12.0 -syslibroot /Applications/Xcode.app/Contents/Developer/Platforms/MacOSX.platform/Developer/SDKs/MacOSX10.12.sdk -o cmTC_21d88 -search_paths_first -headerpad_max_install_names -v CMakeFiles/cmTC_21d88.dir/CMakeCXXCompilerABI.cpp.o -lc++ -lSystem /Applications/Xcode.app/Contents/Developer/Toolchains/XcodeDefault.xctoolchain/usr/bin/../lib/clang/8.0.0/lib/darwin/libclang_rt.osx.a]
    arg [/Applications/Xcode.app/Contents/Developer/Toolchains/XcodeDefault.xctoolchain/usr/bin/ld] ==> ignore
    arg [-demangle] ==> ignore
    arg [-dynamic] ==> ignore
    arg [-arch] ==> ignore
    arg [x86_64] ==> ignore
    arg [-macosx_version_min] ==> ignore
    arg [10.12.0] ==> ignore
    arg [-syslibroot] ==> ignore
    arg [/Applications/Xcode.app/Contents/Developer/Platforms/MacOSX.platform/Developer/SDKs/MacOSX10.12.sdk] ==> ignore
    arg [-o] ==> ignore
    arg [cmTC_21d88] ==> ignore
    arg [-search_paths_first] ==> ignore
    arg [-headerpad_max_install_names] ==> ignore
    arg [-v] ==> ignore
    arg [CMakeFiles/cmTC_21d88.dir/CMakeCXXCompilerABI.cpp.o] ==> ignore
    arg [-lc++] ==> lib [c++]
    arg [-lSystem] ==> lib [System]
    arg [/Applications/Xcode.app/Contents/Developer/Toolchains/XcodeDefault.xctoolchain/usr/bin/../lib/clang/8.0.0/lib/darwin/libclang_rt.osx.a] ==> lib [/Applications/Xcode.app/Contents/Developer/Toolchains/XcodeDefault.xctoolchain/usr/bin/../lib/clang/8.0.0/lib/darwin/libclang_rt.osx.a]
  Library search paths: [;/Applications/Xcode.app/Contents/Developer/Platforms/MacOSX.platform/Developer/SDKs/MacOSX10.12.sdk/usr/lib]
  Framework search paths: [;/Applications/Xcode.app/Contents/Developer/Platforms/MacOSX.platform/Developer/SDKs/MacOSX10.12.sdk/System/Library/Frameworks/]
  remove lib [System]
  remove lib [/Applications/Xcode.app/Contents/Developer/Toolchains/XcodeDefault.xctoolchain/usr/bin/../lib/clang/8.0.0/lib/darwin/libclang_rt.osx.a]
  collapse library dir [/Applications/Xcode.app/Contents/Developer/Platforms/MacOSX.platform/Developer/SDKs/MacOSX10.12.sdk/usr/lib] ==> [/Applications/Xcode.app/Contents/Developer/Platforms/MacOSX.platform/Developer/SDKs/MacOSX10.12.sdk/usr/lib]
  collapse framework dir [/Applications/Xcode.app/Contents/Developer/Platforms/MacOSX.platform/Developer/SDKs/MacOSX10.12.sdk/System/Library/Frameworks/] ==> [/Applications/Xcode.app/Contents/Developer/Platforms/MacOSX.platform/Developer/SDKs/MacOSX10.12.sdk/System/Library/Frameworks]
  implicit libs: [c++]
  implicit dirs: [/Applications/Xcode.app/Contents/Developer/Platforms/MacOSX.platform/Developer/SDKs/MacOSX10.12.sdk/usr/lib]
  implicit fwks: [/Applications/Xcode.app/Contents/Developer/Platforms/MacOSX.platform/Developer/SDKs/MacOSX10.12.sdk/System/Library/Frameworks]




Detecting CXX [-std=c++14] compiler features compiled with the following output:
Change Dir: /Users/markbennett/Desktop/XCode/PasswordVault_OSX/build/CMakeFiles/CMakeTmp

Run Build Command:"/usr/bin/make" "cmTC_8a8ea/fast"
/Applications/Xcode.app/Contents/Developer/usr/bin/make -f CMakeFiles/cmTC_8a8ea.dir/build.make CMakeFiles/cmTC_8a8ea.dir/build
Building CXX object CMakeFiles/cmTC_8a8ea.dir/feature_tests.cxx.o
/usr/bin/clang++     -isysroot /Applications/Xcode.app/Contents/Developer/Platforms/MacOSX.platform/Developer/SDKs/MacOSX10.12.sdk   -std=c++14 -o CMakeFiles/cmTC_8a8ea.dir/feature_tests.cxx.o -c /Users/markbennett/Desktop/XCode/PasswordVault_OSX/build/CMakeFiles/feature_tests.cxx
Linking CXX executable cmTC_8a8ea
/usr/local/Cellar/cmake/3.7.2/bin/cmake -E cmake_link_script CMakeFiles/cmTC_8a8ea.dir/link.txt --verbose=1
/usr/bin/clang++     -isysroot /Applications/Xcode.app/Contents/Developer/Platforms/MacOSX.platform/Developer/SDKs/MacOSX10.12.sdk -Wl,-search_paths_first -Wl,-headerpad_max_install_names   CMakeFiles/cmTC_8a8ea.dir/feature_tests.cxx.o  -o cmTC_8a8ea  


    Feature record: CXX_FEATURE:1cxx_aggregate_default_initializers
    Feature record: CXX_FEATURE:1cxx_alias_templates
    Feature record: CXX_FEATURE:1cxx_alignas
    Feature record: CXX_FEATURE:1cxx_alignof
    Feature record: CXX_FEATURE:1cxx_attributes
    Feature record: CXX_FEATURE:1cxx_attribute_deprecated
    Feature record: CXX_FEATURE:1cxx_auto_type
    Feature record: CXX_FEATURE:1cxx_binary_literals
    Feature record: CXX_FEATURE:1cxx_constexpr
    Feature record: CXX_FEATURE:1cxx_contextual_conversions
    Feature record: CXX_FEATURE:1cxx_decltype
    Feature record: CXX_FEATURE:1cxx_decltype_auto
    Feature record: CXX_FEATURE:1cxx_decltype_incomplete_return_types
    Feature record: CXX_FEATURE:1cxx_default_function_template_args
    Feature record: CXX_FEATURE:1cxx_defaulted_functions
    Feature record: CXX_FEATURE:1cxx_defaulted_move_initializers
    Feature record: CXX_FEATURE:1cxx_delegating_constructors
    Feature record: CXX_FEATURE:1cxx_deleted_functions
    Feature record: CXX_FEATURE:1cxx_digit_separators
    Feature record: CXX_FEATURE:1cxx_enum_forward_declarations
    Feature record: CXX_FEATURE:1cxx_explicit_conversions
    Feature record: CXX_FEATURE:1cxx_extended_friend_declarations
    Feature record: CXX_FEATURE:1cxx_extern_templates
    Feature record: CXX_FEATURE:1cxx_final
    Feature record: CXX_FEATURE:1cxx_func_identifier
    Feature record: CXX_FEATURE:1cxx_generalized_initializers
    Feature record: CXX_FEATURE:1cxx_generic_lambdas
    Feature record: CXX_FEATURE:1cxx_inheriting_constructors
    Feature record: CXX_FEATURE:1cxx_inline_namespaces
    Feature record: CXX_FEATURE:1cxx_lambdas
    Feature record: CXX_FEATURE:1cxx_lambda_init_captures
    Feature record: CXX_FEATURE:1cxx_local_type_template_args
    Feature record: CXX_FEATURE:1cxx_long_long_type
    Feature record: CXX_FEATURE:1cxx_noexcept
    Feature record: CXX_FEATURE:1cxx_nonstatic_member_init
    Feature record: CXX_FEATURE:1cxx_nullptr
    Feature record: CXX_FEATURE:1cxx_override
    Feature record: CXX_FEATURE:1cxx_range_for
    Feature record: CXX_FEATURE:1cxx_raw_string_literals
    Feature record: CXX_FEATURE:1cxx_reference_qualified_functions
    Feature record: CXX_FEATURE:1cxx_relaxed_constexpr
    Feature record: CXX_FEATURE:1cxx_return_type_deduction
    Feature record: CXX_FEATURE:1cxx_right_angle_brackets
    Feature record: CXX_FEATURE:1cxx_rvalue_references
    Feature record: CXX_FEATURE:1cxx_sizeof_member
    Feature record: CXX_FEATURE:1cxx_static_assert
    Feature record: CXX_FEATURE:1cxx_strong_enums
    Feature record: CXX_FEATURE:1cxx_template_template_parameters
    Feature record: CXX_FEATURE:1cxx_thread_local
    Feature record: CXX_FEATURE:1cxx_trailing_return_types
    Feature record: CXX_FEATURE:1cxx_unicode_literals
    Feature record: CXX_FEATURE:1cxx_uniform_initialization
    Feature record: CXX_FEATURE:1cxx_unrestricted_unions
    Feature record: CXX_FEATURE:1cxx_user_literals
    Feature record: CXX_FEATURE:1cxx_variable_templates
    Feature record: CXX_FEATURE:1cxx_variadic_macros
    Feature record: CXX_FEATURE:1cxx_variadic_templates


Detecting CXX [-std=c++11] compiler features compiled with the following output:
Change Dir: /Users/markbennett/Desktop/XCode/PasswordVault_OSX/build/CMakeFiles/CMakeTmp

Run Build Command:"/usr/bin/make" "cmTC_28ad4/fast"
/Applications/Xcode.app/Contents/Developer/usr/bin/make -f CMakeFiles/cmTC_28ad4.dir/build.make CMakeFiles/cmTC_28ad4.dir/build
Building CXX object CMakeFiles/cmTC_28ad4.dir/feature_tests.cxx.o
/usr/bin/clang++     -isysroot /Applications/Xcode.app/Contents/Developer/Platforms/MacOSX.platform/Developer/SDKs/MacOSX10.12.sdk   -std=c++11 -o CMakeFiles/cmTC_28ad4.dir/feature_tests.cxx.o -c /Users/markbennett/Desktop/XCode/PasswordVault_OSX/build/CMakeFiles/feature_tests.cxx
Linking CXX executable cmTC_28ad4
/usr/local/Cellar/cmake/3.7.2/bin/cmake -E cmake_link_script CMakeFiles/cmTC_28ad4.dir/link.txt --verbose=1
/usr/bin/clang++     -isysroot /Applications/Xcode.app/Contents/Developer/Platforms/MacOSX.platform/Developer/SDKs/MacOSX10.12.sdk -Wl,-search_paths_first -Wl,-headerpad_max_install_names   CMakeFiles/cmTC_28ad4.dir/feature_tests.cxx.o  -o cmTC_28ad4  


    Feature record: CXX_FEATURE:0cxx_aggregate_default_initializers
    Feature record: CXX_FEATURE:1cxx_alias_templates
    Feature record: CXX_FEATURE:1cxx_alignas
    Feature record: CXX_FEATURE:1cxx_alignof
    Feature record: CXX_FEATURE:1cxx_attributes
    Feature record: CXX_FEATURE:0cxx_attribute_deprecated
    Feature record: CXX_FEATURE:1cxx_auto_type
    Feature record: CXX_FEATURE:0cxx_binary_literals
    Feature record: CXX_FEATURE:1cxx_constexpr
    Feature record: CXX_FEATURE:0cxx_contextual_conversions
    Feature record: CXX_FEATURE:1cxx_decltype
    Feature record: CXX_FEATURE:0cxx_decltype_auto
    Feature record: CXX_FEATURE:1cxx_decltype_incomplete_return_types
    Feature record: CXX_FEATURE:1cxx_default_function_template_args
    Feature record: CXX_FEATURE:1cxx_defaulted_functions
    Feature record: CXX_FEATURE:1cxx_defaulted_move_initializers
    Feature record: CXX_FEATURE:1cxx_delegating_constructors
    Feature record: CXX_FEATURE:1cxx_deleted_functions
    Feature record: CXX_FEATURE:0cxx_digit_separators
    Feature record: CXX_FEATURE:1cxx_enum_forward_declarations
    Feature record: CXX_FEATURE:1cxx_explicit_conversions
    Feature record: CXX_FEATURE:1cxx_extended_friend_declarations
    Feature record: CXX_FEATURE:1cxx_extern_templates
    Feature record: CXX_FEATURE:1cxx_final
    Feature record: CXX_FEATURE:1cxx_func_identifier
    Feature record: CXX_FEATURE:1cxx_generalized_initializers
    Feature record: CXX_FEATURE:0cxx_generic_lambdas
    Feature record: CXX_FEATURE:1cxx_inheriting_constructors
    Feature record: CXX_FEATURE:1cxx_inline_namespaces
    Feature record: CXX_FEATURE:1cxx_lambdas
    Feature record: CXX_FEATURE:0cxx_lambda_init_captures
    Feature record: CXX_FEATURE:1cxx_local_type_template_args
    Feature record: CXX_FEATURE:1cxx_long_long_type
    Feature record: CXX_FEATURE:1cxx_noexcept
    Feature record: CXX_FEATURE:1cxx_nonstatic_member_init
    Feature record: CXX_FEATURE:1cxx_nullptr
    Feature record: CXX_FEATURE:1cxx_override
    Feature record: CXX_FEATURE:1cxx_range_for
    Feature record: CXX_FEATURE:1cxx_raw_string_literals
    Feature record: CXX_FEATURE:1cxx_reference_qualified_functions
    Feature record: CXX_FEATURE:0cxx_relaxed_constexpr
    Feature record: CXX_FEATURE:0cxx_return_type_deduction
    Feature record: CXX_FEATURE:1cxx_right_angle_brackets
    Feature record: CXX_FEATURE:1cxx_rvalue_references
    Feature record: CXX_FEATURE:1cxx_sizeof_member
    Feature record: CXX_FEATURE:1cxx_static_assert
    Feature record: CXX_FEATURE:1cxx_strong_enums
    Feature record: CXX_FEATURE:1cxx_template_template_parameters
    Feature record: CXX_FEATURE:1cxx_thread_local
    Feature record: CXX_FEATURE:1cxx_trailing_return_types
    Feature record: CXX_FEATURE:1cxx_unicode_literals
    Feature record: CXX_FEATURE:1cxx_uniform_initialization
    Feature record: CXX_FEATURE:1cxx_unrestricted_unions
    Feature record: CXX_FEATURE:1cxx_user_literals
    Feature record: CXX_FEATURE:0cxx_variable_templates
    Feature record: CXX_FEATURE:1cxx_variadic_macros
    Feature record: CXX_FEATURE:1cxx_variadic_templates


Detecting CXX [-std=c++98] compiler features compiled with the following output:
Change Dir: /Users/markbennett/Desktop/XCode/PasswordVault_OSX/build/CMakeFiles/CMakeTmp

Run Build Command:"/usr/bin/make" "cmTC_03318/fast"
/Applications/Xcode.app/Contents/Developer/usr/bin/make -f CMakeFiles/cmTC_03318.dir/build.make CMakeFiles/cmTC_03318.dir/build
Building CXX object CMakeFiles/cmTC_03318.dir/feature_tests.cxx.o
/usr/bin/clang++     -isysroot /Applications/Xcode.app/Contents/Developer/Platforms/MacOSX.platform/Developer/SDKs/MacOSX10.12.sdk   -std=c++98 -o CMakeFiles/cmTC_03318.dir/feature_tests.cxx.o -c /Users/markbennett/Desktop/XCode/PasswordVault_OSX/build/CMakeFiles/feature_tests.cxx
Linking CXX executable cmTC_03318
/usr/local/Cellar/cmake/3.7.2/bin/cmake -E cmake_link_script CMakeFiles/cmTC_03318.dir/link.txt --verbose=1
/usr/bin/clang++     -isysroot /Applications/Xcode.app/Contents/Developer/Platforms/MacOSX.platform/Developer/SDKs/MacOSX10.12.sdk -Wl,-search_paths_first -Wl,-headerpad_max_install_names   CMakeFiles/cmTC_03318.dir/feature_tests.cxx.o  -o cmTC_03318  


    Feature record: CXX_FEATURE:0cxx_aggregate_default_initializers
    Feature record: CXX_FEATURE:0cxx_alias_templates
    Feature record: CXX_FEATURE:0cxx_alignas
    Feature record: CXX_FEATURE:0cxx_alignof
    Feature record: CXX_FEATURE:0cxx_attributes
    Feature record: CXX_FEATURE:0cxx_attribute_deprecated
    Feature record: CXX_FEATURE:0cxx_auto_type
    Feature record: CXX_FEATURE:0cxx_binary_literals
    Feature record: CXX_FEATURE:0cxx_constexpr
    Feature record: CXX_FEATURE:0cxx_contextual_conversions
    Feature record: CXX_FEATURE:0cxx_decltype
    Feature record: CXX_FEATURE:0cxx_decltype_auto
    Feature record: CXX_FEATURE:0cxx_decltype_incomplete_return_types
    Feature record: CXX_FEATURE:0cxx_default_function_template_args
    Feature record: CXX_FEATURE:0cxx_defaulted_functions
    Feature record: CXX_FEATURE:0cxx_defaulted_move_initializers
    Feature record: CXX_FEATURE:0cxx_delegating_constructors
    Feature record: CXX_FEATURE:0cxx_deleted_functions
    Feature record: CXX_FEATURE:0cxx_digit_separators
    Feature record: CXX_FEATURE:0cxx_enum_forward_declarations
    Feature record: CXX_FEATURE:0cxx_explicit_conversions
    Feature record: CXX_FEATURE:0cxx_extended_friend_declarations
    Feature record: CXX_FEATURE:0cxx_extern_templates
    Feature record: CXX_FEATURE:0cxx_final
    Feature record: CXX_FEATURE:0cxx_func_identifier
    Feature record: CXX_FEATURE:0cxx_generalized_initializers
    Feature record: CXX_FEATURE:0cxx_generic_lambdas
    Feature record: CXX_FEATURE:0cxx_inheriting_constructors
    Feature record: CXX_FEATURE:0cxx_inline_namespaces
    Feature record: CXX_FEATURE:0cxx_lambdas
    Feature record: CXX_FEATURE:0cxx_lambda_init_captures
    Feature record: CXX_FEATURE:0cxx_local_type_template_args
    Feature record: CXX_FEATURE:0cxx_long_long_type
    Feature record: CXX_FEATURE:0cxx_noexcept
    Feature record: CXX_FEATURE:0cxx_nonstatic_member_init
    Feature record: CXX_FEATURE:0cxx_nullptr
    Feature record: CXX_FEATURE:0cxx_override
    Feature record: CXX_FEATURE:0cxx_range_for
    Feature record: CXX_FEATURE:0cxx_raw_string_literals
    Feature record: CXX_FEATURE:0cxx_reference_qualified_functions
    Feature record: CXX_FEATURE:0cxx_relaxed_constexpr
    Feature record: CXX_FEATURE:0cxx_return_type_deduction
    Feature record: CXX_FEATURE:0cxx_right_angle_brackets
    Feature record: CXX_FEATURE:0cxx_rvalue_references
    Feature record: CXX_FEATURE:0cxx_sizeof_member
    Feature record: CXX_FEATURE:0cxx_static_assert
    Feature record: CXX_FEATURE:0cxx_strong_enums
    Feature record: CXX_FEATURE:1cxx_template_template_parameters
    Feature record: CXX_FEATURE:0cxx_thread_local
    Feature record: CXX_FEATURE:0cxx_trailing_return_types
    Feature record: CXX_FEATURE:0cxx_unicode_literals
    Feature record: CXX_FEATURE:0cxx_uniform_initialization
    Feature record: CXX_FEATURE:0cxx_unrestricted_unions
    Feature record: CXX_FEATURE:0cxx_user_literals
    Feature record: CXX_FEATURE:0cxx_variable_templates
    Feature record: CXX_FEATURE:0cxx_variadic_macros
    Feature record: CXX_FEATURE:0cxx_variadic_templates
Performing C SOURCE FILE Test WERROR_C_AVAILABLE succeeded with the following output:
Change Dir: /Users/markbennett/Desktop/XCode/PasswordVault_OSX/build/CMakeFiles/CMakeTmp

Run Build Command:"/usr/bin/make" "cmTC_fb85a/fast"
/Applications/Xcode.app/Contents/Developer/usr/bin/make -f CMakeFiles/cmTC_fb85a.dir/build.make CMakeFiles/cmTC_fb85a.dir/build
Building C object CMakeFiles/cmTC_fb85a.dir/src.c.o
/usr/bin/gcc    -fno-common -fstack-protector --param=ssp-buffer-size=4 -Wall -Wextra -Wundef -Wpointer-arith -Wno-long-long -Wformat=2 -Wmissing-format-attribute -fvisibility=hidden -Wchar-subscripts -Wwrite-strings -DWERROR_C_AVAILABLE -isysroot /Applications/Xcode.app/Contents/Developer/Platforms/MacOSX.platform/Developer/SDKs/MacOSX10.12.sdk   -Werror=format-security -Werror=implicit-function-declaration -o CMakeFiles/cmTC_fb85a.dir/src.c.o   -c /Users/markbennett/Desktop/XCode/PasswordVault_OSX/build/CMakeFiles/CMakeTmp/src.c
Linking C executable cmTC_fb85a
/usr/local/Cellar/cmake/3.7.2/bin/cmake -E cmake_link_script CMakeFiles/cmTC_fb85a.dir/link.txt --verbose=1
/usr/bin/gcc   -fno-common -fstack-protector --param=ssp-buffer-size=4 -Wall -Wextra -Wundef -Wpointer-arith -Wno-long-long -Wformat=2 -Wmissing-format-attribute -fvisibility=hidden -Wchar-subscripts -Wwrite-strings -DWERROR_C_AVAILABLE -isysroot /Applications/Xcode.app/Contents/Developer/Platforms/MacOSX.platform/Developer/SDKs/MacOSX10.12.sdk -Wl,-search_paths_first -Wl,-headerpad_max_install_names   CMakeFiles/cmTC_fb85a.dir/src.c.o  -o cmTC_fb85a  

Source file was:
int main(void) { return 0; }
Performing C++ SOURCE FILE Test WERROR_CXX_AVAILABLE succeeded with the following output:
Change Dir: /Users/markbennett/Desktop/XCode/PasswordVault_OSX/build/CMakeFiles/CMakeTmp

Run Build Command:"/usr/bin/make" "cmTC_98526/fast"
/Applications/Xcode.app/Contents/Developer/usr/bin/make -f CMakeFiles/cmTC_98526.dir/build.make CMakeFiles/cmTC_98526.dir/build
Building CXX object CMakeFiles/cmTC_98526.dir/src.cxx.o
/usr/bin/clang++     -fno-common -fstack-protector --param=ssp-buffer-size=4 -Wall -Wextra -Wundef -Wpointer-arith -Wno-long-long -Wformat=2 -Wmissing-format-attribute -fvisibility=hidden -fvisibility-inlines-hidden -fno-exceptions -fno-rtti -Wnon-virtual-dtor -Wold-style-cast -Woverloaded-virtual -DWERROR_CXX_AVAILABLE -isysroot /Applications/Xcode.app/Contents/Developer/Platforms/MacOSX.platform/Developer/SDKs/MacOSX10.12.sdk   -Werror=format-security -o CMakeFiles/cmTC_98526.dir/src.cxx.o -c /Users/markbennett/Desktop/XCode/PasswordVault_OSX/build/CMakeFiles/CMakeTmp/src.cxx
Linking CXX executable cmTC_98526
/usr/local/Cellar/cmake/3.7.2/bin/cmake -E cmake_link_script CMakeFiles/cmTC_98526.dir/link.txt --verbose=1
/usr/bin/clang++    -fno-common -fstack-protector --param=ssp-buffer-size=4 -Wall -Wextra -Wundef -Wpointer-arith -Wno-long-long -Wformat=2 -Wmissing-format-attribute -fvisibility=hidden -fvisibility-inlines-hidden -fno-exceptions -fno-rtti -Wnon-virtual-dtor -Wold-style-cast -Woverloaded-virtual -DWERROR_CXX_AVAILABLE -isysroot /Applications/Xcode.app/Contents/Developer/Platforms/MacOSX.platform/Developer/SDKs/MacOSX10.12.sdk -Wl,-search_paths_first -Wl,-headerpad_max_install_names   CMakeFiles/cmTC_98526.dir/src.cxx.o  -o cmTC_98526  

Source file was:
int main() { return 0; }
Performing C++ SOURCE FILE Test ZLIB_SUPPORTS_GZIP succeeded with the following output:
Change Dir: /Users/markbennett/Desktop/XCode/PasswordVault_OSX/build/CMakeFiles/CMakeTmp

Run Build Command:"/usr/bin/make" "cmTC_515a4/fast"
/Applications/Xcode.app/Contents/Developer/usr/bin/make -f CMakeFiles/cmTC_515a4.dir/build.make CMakeFiles/cmTC_515a4.dir/build
Building CXX object CMakeFiles/cmTC_515a4.dir/src.cxx.o
/usr/bin/clang++     -fno-common -fstack-protector --param=ssp-buffer-size=4 -Wall -Wextra -Wundef -Wpointer-arith -Wno-long-long -Wformat=2 -Wmissing-format-attribute -fvisibility=hidden -fvisibility-inlines-hidden -fno-exceptions -fno-rtti -Wnon-virtual-dtor -Wold-style-cast -Woverloaded-virtual -Werror=format-security -std=c++11 -stdlib=libc++ -DZLIB_SUPPORTS_GZIP -isysroot /Applications/Xcode.app/Contents/Developer/Platforms/MacOSX.platform/Developer/SDKs/MacOSX10.12.sdk   -o CMakeFiles/cmTC_515a4.dir/src.cxx.o -c /Users/markbennett/Desktop/XCode/PasswordVault_OSX/build/CMakeFiles/CMakeTmp/src.cxx
Linking CXX executable cmTC_515a4
/usr/local/Cellar/cmake/3.7.2/bin/cmake -E cmake_link_script CMakeFiles/cmTC_515a4.dir/link.txt --verbose=1
/usr/bin/clang++    -fno-common -fstack-protector --param=ssp-buffer-size=4 -Wall -Wextra -Wundef -Wpointer-arith -Wno-long-long -Wformat=2 -Wmissing-format-attribute -fvisibility=hidden -fvisibility-inlines-hidden -fno-exceptions -fno-rtti -Wnon-virtual-dtor -Wold-style-cast -Woverloaded-virtual -Werror=format-security -std=c++11 -stdlib=libc++ -DZLIB_SUPPORTS_GZIP -isysroot /Applications/Xcode.app/Contents/Developer/Platforms/MacOSX.platform/Developer/SDKs/MacOSX10.12.sdk -Wl,-search_paths_first -Wl,-headerpad_max_install_names   CMakeFiles/cmTC_515a4.dir/src.cxx.o  -o cmTC_515a4  

Source file was:

  #include <zlib.h>

  #if !defined(ZLIB_VERNUM) || (ZLIB_VERNUM < 0x1200)
      #error zlib 1.2.x or higher is required to use the gzip format
  #endif

  int main() { return 0; }
Performing C++ SOURCE FILE Test HAVE_RLIMIT_CORE succeeded with the following output:
Change Dir: /Users/markbennett/Desktop/XCode/PasswordVault_OSX/build/CMakeFiles/CMakeTmp

Run Build Command:"/usr/bin/make" "cmTC_d9632/fast"
/Applications/Xcode.app/Contents/Developer/usr/bin/make -f CMakeFiles/cmTC_d9632.dir/build.make CMakeFiles/cmTC_d9632.dir/build
Building CXX object CMakeFiles/cmTC_d9632.dir/src.cxx.o
/usr/bin/clang++     -fno-common -fstack-protector --param=ssp-buffer-size=4 -Wall -Wextra -Wundef -Wpointer-arith -Wno-long-long -Wformat=2 -Wmissing-format-attribute -fvisibility=hidden -fvisibility-inlines-hidden -fno-exceptions -fno-rtti -Wnon-virtual-dtor -Wold-style-cast -Woverloaded-virtual -Werror=format-security -std=c++11 -stdlib=libc++ -DHAVE_RLIMIT_CORE -isysroot /Applications/Xcode.app/Contents/Developer/Platforms/MacOSX.platform/Developer/SDKs/MacOSX10.12.sdk   -o CMakeFiles/cmTC_d9632.dir/src.cxx.o -c /Users/markbennett/Desktop/XCode/PasswordVault_OSX/build/CMakeFiles/CMakeTmp/src.cxx
Linking CXX executable cmTC_d9632
/usr/local/Cellar/cmake/3.7.2/bin/cmake -E cmake_link_script CMakeFiles/cmTC_d9632.dir/link.txt --verbose=1
/usr/bin/clang++    -fno-common -fstack-protector --param=ssp-buffer-size=4 -Wall -Wextra -Wundef -Wpointer-arith -Wno-long-long -Wformat=2 -Wmissing-format-attribute -fvisibility=hidden -fvisibility-inlines-hidden -fno-exceptions -fno-rtti -Wnon-virtual-dtor -Wold-style-cast -Woverloaded-virtual -Werror=format-security -std=c++11 -stdlib=libc++ -DHAVE_RLIMIT_CORE -isysroot /Applications/Xcode.app/Contents/Developer/Platforms/MacOSX.platform/Developer/SDKs/MacOSX10.12.sdk -Wl,-search_paths_first -Wl,-headerpad_max_install_names   CMakeFiles/cmTC_d9632.dir/src.cxx.o  -o cmTC_d9632  

Source file was:
#include <sys/resource.h>
    int main() {
      struct rlimit limit;
      limit.rlim_cur = 0;
      limit.rlim_max = 0;
      setrlimit(RLIMIT_CORE, &limit);
      return 0;
    }
Performing C++ SOURCE FILE Test HAVE_PT_DENY_ATTACH succeeded with the following output:
Change Dir: /Users/markbennett/Desktop/XCode/PasswordVault_OSX/build/CMakeFiles/CMakeTmp

Run Build Command:"/usr/bin/make" "cmTC_9df1d/fast"
/Applications/Xcode.app/Contents/Developer/usr/bin/make -f CMakeFiles/cmTC_9df1d.dir/build.make CMakeFiles/cmTC_9df1d.dir/build
Building CXX object CMakeFiles/cmTC_9df1d.dir/src.cxx.o
/usr/bin/clang++     -fno-common -fstack-protector --param=ssp-buffer-size=4 -Wall -Wextra -Wundef -Wpointer-arith -Wno-long-long -Wformat=2 -Wmissing-format-attribute -fvisibility=hidden -fvisibility-inlines-hidden -fno-exceptions -fno-rtti -Wnon-virtual-dtor -Wold-style-cast -Woverloaded-virtual -Werror=format-security -std=c++11 -stdlib=libc++ -DHAVE_PT_DENY_ATTACH -isysroot /Applications/Xcode.app/Contents/Developer/Platforms/MacOSX.platform/Developer/SDKs/MacOSX10.12.sdk   -o CMakeFiles/cmTC_9df1d.dir/src.cxx.o -c /Users/markbennett/Desktop/XCode/PasswordVault_OSX/build/CMakeFiles/CMakeTmp/src.cxx
Linking CXX executable cmTC_9df1d
/usr/local/Cellar/cmake/3.7.2/bin/cmake -E cmake_link_script CMakeFiles/cmTC_9df1d.dir/link.txt --verbose=1
/usr/bin/clang++    -fno-common -fstack-protector --param=ssp-buffer-size=4 -Wall -Wextra -Wundef -Wpointer-arith -Wno-long-long -Wformat=2 -Wmissing-format-attribute -fvisibility=hidden -fvisibility-inlines-hidden -fno-exceptions -fno-rtti -Wnon-virtual-dtor -Wold-style-cast -Woverloaded-virtual -Werror=format-security -std=c++11 -stdlib=libc++ -DHAVE_PT_DENY_ATTACH -isysroot /Applications/Xcode.app/Contents/Developer/Platforms/MacOSX.platform/Developer/SDKs/MacOSX10.12.sdk -Wl,-search_paths_first -Wl,-headerpad_max_install_names   CMakeFiles/cmTC_9df1d.dir/src.cxx.o  -o cmTC_9df1d  

Source file was:
#include <sys/types.h>
      #include <sys/ptrace.h>
      int main() { ptrace(PT_DENY_ATTACH, 0, 0, 0); return 0; }
